2021-01-29 01:15:36,161 INFO org.springframework.boot.StartupInfoLogger [main] Starting RateManagementSystemApplication using Java 11.0.7 on MacBook-Pro.local with PID 76379 (/Users/devendra/Documents/project/rate-management-system/target/classes started by devendra in /Users/devendra/Documents/project/rate-management-system)
2021-01-29 01:15:36,163 INFO org.springframework.boot.SpringApplication [main] No active profile set, falling back to default profiles: default
2021-01-29 01:15:36,642 INFO org.springframework.data.repository.config.RepositoryConfigurationDelegate [main] Bootstrapping Spring Data JPA repositories in DEFAULT mode.
2021-01-29 01:15:36,675 INFO org.springframework.data.repository.config.RepositoryConfigurationDelegate [main] Finished Spring Data repository scanning in 28 ms. Found 1 JPA repository interfaces.
2021-01-29 01:15:36,790 INFO org.springframework.cloud.context.scope.GenericScope [main] BeanFactory id=8e27a02e-815d-3309-bd3f-8d844aaf0845
2021-01-29 01:15:36,980 INFO org.springframework.boot.web.embedded.tomcat.TomcatWebServer [main] Tomcat initialized with port(s): 9001 (http)
2021-01-29 01:15:36,985 INFO org.apache.juli.logging.DirectJDKLog [main] Initializing ProtocolHandler ["http-nio-9001"]
2021-01-29 01:15:36,986 INFO org.apache.juli.logging.DirectJDKLog [main] Starting service [Tomcat]
2021-01-29 01:15:36,986 INFO org.apache.juli.logging.DirectJDKLog [main] Starting Servlet engine: [Apache Tomcat/9.0.41]
2021-01-29 01:15:37,107 INFO org.apache.juli.logging.DirectJDKLog [main] Initializing Spring embedded WebApplicationContext
2021-01-29 01:15:37,111 INFO org.springframework.boot.web.servlet.context.ServletWebServerApplicationContext [main] Root WebApplicationContext: initialization completed in 914 ms
2021-01-29 01:15:37,175 INFO com.zaxxer.hikari.HikariDataSource [main] HikariPool-1 - Starting...
2021-01-29 01:15:37,394 INFO com.zaxxer.hikari.HikariDataSource [main] HikariPool-1 - Start completed.
2021-01-29 01:15:37,471 INFO org.hibernate.jpa.internal.util.LogHelper [main] HHH000204: Processing PersistenceUnitInfo [name: default]
2021-01-29 01:15:37,502 INFO org.hibernate.Version [main] HHH000412: Hibernate ORM core version 5.4.27.Final
2021-01-29 01:15:37,586 INFO org.hibernate.annotations.common.reflection.java.JavaReflectionManager [main] HCANN000001: Hibernate Commons Annotations {5.1.2.Final}
2021-01-29 01:15:37,657 INFO org.hibernate.dialect.Dialect [main] HHH000400: Using dialect: org.hibernate.dialect.MySQL57Dialect
2021-01-29 01:15:38,006 INFO org.hibernate.engine.transaction.jta.platform.internal.JtaPlatformInitiator [main] HHH000490: Using JtaPlatform implementation: [org.hibernate.engine.transaction.jta.platform.internal.NoJtaPlatform]
2021-01-29 01:15:38,013 INFO org.springframework.orm.jpa.AbstractEntityManagerFactoryBean [main] Initialized JPA EntityManagerFactory for persistence unit 'default'
2021-01-29 01:15:38,398 WARN org.springframework.boot.autoconfigure.orm.jpa.JpaBaseConfiguration$JpaWebConfiguration [main] spring.jpa.open-in-view is enabled by default. Therefore, database queries may be performed during view rendering. Explicitly configure spring.jpa.open-in-view to disable this warning
2021-01-29 01:15:38,512 INFO org.springframework.scheduling.concurrent.ExecutorConfigurationSupport [main] Initializing ExecutorService 'applicationTaskExecutor'
2021-01-29 01:15:38,741 INFO org.apache.juli.logging.DirectJDKLog [main] Starting ProtocolHandler ["http-nio-9001"]
2021-01-29 01:15:38,770 INFO org.springframework.boot.web.embedded.tomcat.TomcatWebServer [main] Tomcat started on port(s): 9001 (http) with context path ''
2021-01-29 01:15:38,779 INFO org.springframework.boot.StartupInfoLogger [main] Started RateManagementSystemApplication in 2.955 seconds (JVM running for 8.45)
2021-01-29 01:16:26,665 INFO org.apache.juli.logging.DirectJDKLog [http-nio-9001-exec-1] Initializing Spring DispatcherServlet 'dispatcherServlet'
2021-01-29 01:16:26,666 INFO org.springframework.web.servlet.FrameworkServlet [http-nio-9001-exec-1] Initializing Servlet 'dispatcherServlet'
2021-01-29 01:16:26,667 INFO org.springframework.web.servlet.FrameworkServlet [http-nio-9001-exec-1] Completed initialization in 0 ms
2021-01-29 01:16:26,728 INFO com.dev.rms.controller.RMSController [http-nio-9001-exec-1] inside saveRate
2021-01-29 01:16:39,586 INFO com.dev.rms.controller.RMSController [http-nio-9001-exec-2] inside saveRate
2021-01-29 01:18:23,150 INFO org.springframework.boot.admin.SpringApplicationAdminMXBeanRegistrar$SpringApplicationAdmin [RMI TCP Connection(4)-127.0.0.1] Application shutdown requested.
2021-01-29 01:18:23,170 INFO org.springframework.scheduling.concurrent.ExecutorConfigurationSupport [RMI TCP Connection(4)-127.0.0.1] Shutting down ExecutorService 'applicationTaskExecutor'
2021-01-29 01:18:23,172 INFO org.springframework.orm.jpa.AbstractEntityManagerFactoryBean [RMI TCP Connection(4)-127.0.0.1] Closing JPA EntityManagerFactory for persistence unit 'default'
2021-01-29 01:18:23,172 INFO org.hibernate.tool.schema.internal.SchemaDropperImpl$DelayedDropActionImpl [RMI TCP Connection(4)-127.0.0.1] HHH000477: Starting delayed evictData of schema as part of SessionFactory shut-down'
2021-01-29 01:18:23,183 INFO com.zaxxer.hikari.HikariDataSource [RMI TCP Connection(4)-127.0.0.1] HikariPool-1 - Shutdown initiated...
2021-01-29 01:18:23,192 INFO com.zaxxer.hikari.HikariDataSource [RMI TCP Connection(4)-127.0.0.1] HikariPool-1 - Shutdown completed.
2021-01-29 01:18:38,625 INFO org.springframework.boot.StartupInfoLogger [main] Starting RateManagementSystemApplication using Java 11.0.7 on MacBook-Pro.local with PID 76396 (/Users/devendra/Documents/project/rate-management-system/target/classes started by devendra in /Users/devendra/Documents/project/rate-management-system)
2021-01-29 01:18:38,627 INFO org.springframework.boot.SpringApplication [main] No active profile set, falling back to default profiles: default
2021-01-29 01:18:39,047 INFO org.springframework.data.repository.config.RepositoryConfigurationDelegate [main] Bootstrapping Spring Data JPA repositories in DEFAULT mode.
2021-01-29 01:18:39,078 INFO org.springframework.data.repository.config.RepositoryConfigurationDelegate [main] Finished Spring Data repository scanning in 27 ms. Found 1 JPA repository interfaces.
2021-01-29 01:18:39,192 INFO org.springframework.cloud.context.scope.GenericScope [main] BeanFactory id=8e27a02e-815d-3309-bd3f-8d844aaf0845
2021-01-29 01:18:39,406 INFO org.springframework.boot.web.embedded.tomcat.TomcatWebServer [main] Tomcat initialized with port(s): 9001 (http)
2021-01-29 01:18:39,411 INFO org.apache.juli.logging.DirectJDKLog [main] Initializing ProtocolHandler ["http-nio-9001"]
2021-01-29 01:18:39,412 INFO org.apache.juli.logging.DirectJDKLog [main] Starting service [Tomcat]
2021-01-29 01:18:39,412 INFO org.apache.juli.logging.DirectJDKLog [main] Starting Servlet engine: [Apache Tomcat/9.0.41]
2021-01-29 01:18:39,490 INFO org.apache.juli.logging.DirectJDKLog [main] Initializing Spring embedded WebApplicationContext
2021-01-29 01:18:39,490 INFO org.springframework.boot.web.servlet.context.ServletWebServerApplicationContext [main] Root WebApplicationContext: initialization completed in 835 ms
2021-01-29 01:18:39,545 INFO com.zaxxer.hikari.HikariDataSource [main] HikariPool-1 - Starting...
2021-01-29 01:18:39,753 INFO com.zaxxer.hikari.HikariDataSource [main] HikariPool-1 - Start completed.
2021-01-29 01:18:39,823 INFO org.hibernate.jpa.internal.util.LogHelper [main] HHH000204: Processing PersistenceUnitInfo [name: default]
2021-01-29 01:18:39,850 INFO org.hibernate.Version [main] HHH000412: Hibernate ORM core version 5.4.27.Final
2021-01-29 01:18:39,932 INFO org.hibernate.annotations.common.reflection.java.JavaReflectionManager [main] HCANN000001: Hibernate Commons Annotations {5.1.2.Final}
2021-01-29 01:18:39,999 INFO org.hibernate.dialect.Dialect [main] HHH000400: Using dialect: org.hibernate.dialect.MySQL57Dialect
2021-01-29 01:18:40,318 INFO org.hibernate.engine.transaction.jta.platform.internal.JtaPlatformInitiator [main] HHH000490: Using JtaPlatform implementation: [org.hibernate.engine.transaction.jta.platform.internal.NoJtaPlatform]
2021-01-29 01:18:40,323 INFO org.springframework.orm.jpa.AbstractEntityManagerFactoryBean [main] Initialized JPA EntityManagerFactory for persistence unit 'default'
2021-01-29 01:18:40,628 WARN org.springframework.boot.autoconfigure.orm.jpa.JpaBaseConfiguration$JpaWebConfiguration [main] spring.jpa.open-in-view is enabled by default. Therefore, database queries may be performed during view rendering. Explicitly configure spring.jpa.open-in-view to disable this warning
2021-01-29 01:18:40,738 INFO org.springframework.scheduling.concurrent.ExecutorConfigurationSupport [main] Initializing ExecutorService 'applicationTaskExecutor'
2021-01-29 01:18:40,951 INFO org.apache.juli.logging.DirectJDKLog [main] Starting ProtocolHandler ["http-nio-9001"]
2021-01-29 01:18:40,975 INFO org.springframework.boot.web.embedded.tomcat.TomcatWebServer [main] Tomcat started on port(s): 9001 (http) with context path ''
2021-01-29 01:18:40,982 INFO org.springframework.boot.StartupInfoLogger [main] Started RateManagementSystemApplication in 2.643 seconds (JVM running for 8.155)
2021-01-29 01:18:53,047 INFO org.apache.juli.logging.DirectJDKLog [http-nio-9001-exec-1] Initializing Spring DispatcherServlet 'dispatcherServlet'
2021-01-29 01:18:53,048 INFO org.springframework.web.servlet.FrameworkServlet [http-nio-9001-exec-1] Initializing Servlet 'dispatcherServlet'
2021-01-29 01:18:53,049 INFO org.springframework.web.servlet.FrameworkServlet [http-nio-9001-exec-1] Completed initialization in 1 ms
2021-01-29 01:18:53,113 INFO com.dev.rms.controller.RMSController [http-nio-9001-exec-1] inside saveRate
2021-01-29 01:29:02,203 INFO org.springframework.boot.admin.SpringApplicationAdminMXBeanRegistrar$SpringApplicationAdmin [RMI TCP Connection(4)-127.0.0.1] Application shutdown requested.
2021-01-29 01:29:02,222 INFO org.springframework.scheduling.concurrent.ExecutorConfigurationSupport [RMI TCP Connection(4)-127.0.0.1] Shutting down ExecutorService 'applicationTaskExecutor'
2021-01-29 01:29:02,223 INFO org.springframework.orm.jpa.AbstractEntityManagerFactoryBean [RMI TCP Connection(4)-127.0.0.1] Closing JPA EntityManagerFactory for persistence unit 'default'
2021-01-29 01:29:02,224 INFO org.hibernate.tool.schema.internal.SchemaDropperImpl$DelayedDropActionImpl [RMI TCP Connection(4)-127.0.0.1] HHH000477: Starting delayed evictData of schema as part of SessionFactory shut-down'
2021-01-29 01:29:02,235 INFO com.zaxxer.hikari.HikariDataSource [RMI TCP Connection(4)-127.0.0.1] HikariPool-1 - Shutdown initiated...
2021-01-29 01:29:02,243 INFO com.zaxxer.hikari.HikariDataSource [RMI TCP Connection(4)-127.0.0.1] HikariPool-1 - Shutdown completed.
