2021-01-29 01:29:33,692 INFO org.springframework.boot.StartupInfoLogger [main] Starting RateManagementSystemApplication using Java 11.0.7 on MacBook-Pro.local with PID 76440 (/Users/devendra/Documents/project/rate-management-system/target/classes started by devendra in /Users/devendra/Documents/project/rate-management-system)
2021-01-29 01:29:33,695 INFO org.springframework.boot.SpringApplication [main] No active profile set, falling back to default profiles: default
2021-01-29 01:29:34,377 INFO org.springframework.data.repository.config.RepositoryConfigurationDelegate [main] Bootstrapping Spring Data JPA repositories in DEFAULT mode.
2021-01-29 01:29:34,412 INFO org.springframework.data.repository.config.RepositoryConfigurationDelegate [main] Finished Spring Data repository scanning in 30 ms. Found 1 JPA repository interfaces.
2021-01-29 01:29:34,545 INFO org.springframework.cloud.context.scope.GenericScope [main] BeanFactory id=9ef2d1cc-678a-398c-b324-5e78554074f6
2021-01-29 01:29:34,800 INFO org.springframework.boot.web.embedded.tomcat.TomcatWebServer [main] Tomcat initialized with port(s): 9001 (http)
2021-01-29 01:29:34,806 INFO org.apache.juli.logging.DirectJDKLog [main] Initializing ProtocolHandler ["http-nio-9001"]
2021-01-29 01:29:34,806 INFO org.apache.juli.logging.DirectJDKLog [main] Starting service [Tomcat]
2021-01-29 01:29:34,806 INFO org.apache.juli.logging.DirectJDKLog [main] Starting Servlet engine: [Apache Tomcat/9.0.41]
2021-01-29 01:29:34,874 INFO org.apache.juli.logging.DirectJDKLog [main] Initializing Spring embedded WebApplicationContext
2021-01-29 01:29:34,874 INFO org.springframework.boot.web.servlet.context.ServletWebServerApplicationContext [main] Root WebApplicationContext: initialization completed in 1145 ms
2021-01-29 01:29:35,013 INFO com.zaxxer.hikari.HikariDataSource [main] HikariPool-1 - Starting...
2021-01-29 01:29:35,247 INFO com.zaxxer.hikari.HikariDataSource [main] HikariPool-1 - Start completed.
2021-01-29 01:29:35,311 INFO org.hibernate.jpa.internal.util.LogHelper [main] HHH000204: Processing PersistenceUnitInfo [name: default]
2021-01-29 01:29:35,337 INFO org.hibernate.Version [main] HHH000412: Hibernate ORM core version 5.4.27.Final
2021-01-29 01:29:35,423 INFO org.hibernate.annotations.common.reflection.java.JavaReflectionManager [main] HCANN000001: Hibernate Commons Annotations {5.1.2.Final}
2021-01-29 01:29:35,496 INFO org.hibernate.dialect.Dialect [main] HHH000400: Using dialect: org.hibernate.dialect.MySQL57Dialect
2021-01-29 01:29:35,865 INFO org.hibernate.engine.transaction.jta.platform.internal.JtaPlatformInitiator [main] HHH000490: Using JtaPlatform implementation: [org.hibernate.engine.transaction.jta.platform.internal.NoJtaPlatform]
2021-01-29 01:29:35,871 INFO org.springframework.orm.jpa.AbstractEntityManagerFactoryBean [main] Initialized JPA EntityManagerFactory for persistence unit 'default'
2021-01-29 01:29:36,247 WARN org.springframework.boot.autoconfigure.orm.jpa.JpaBaseConfiguration$JpaWebConfiguration [main] spring.jpa.open-in-view is enabled by default. Therefore, database queries may be performed during view rendering. Explicitly configure spring.jpa.open-in-view to disable this warning
2021-01-29 01:29:36,381 INFO org.springframework.scheduling.concurrent.ExecutorConfigurationSupport [main] Initializing ExecutorService 'applicationTaskExecutor'
2021-01-29 01:29:36,727 INFO org.springframework.boot.actuate.endpoint.web.EndpointLinksResolver [main] Exposing 2 endpoint(s) beneath base path '/actuator'
2021-01-29 01:29:36,792 INFO org.apache.juli.logging.DirectJDKLog [main] Starting ProtocolHandler ["http-nio-9001"]
2021-01-29 01:29:36,829 INFO org.springframework.boot.web.embedded.tomcat.TomcatWebServer [main] Tomcat started on port(s): 9001 (http) with context path ''
2021-01-29 01:29:36,847 INFO org.springframework.boot.StartupInfoLogger [main] Started RateManagementSystemApplication in 3.499 seconds (JVM running for 9.079)
2021-01-29 01:29:39,537 INFO org.apache.juli.logging.DirectJDKLog [RMI TCP Connection(1)-127.0.0.1] Initializing Spring DispatcherServlet 'dispatcherServlet'
2021-01-29 01:29:39,538 INFO org.springframework.web.servlet.FrameworkServlet [RMI TCP Connection(1)-127.0.0.1] Initializing Servlet 'dispatcherServlet'
2021-01-29 01:29:39,539 INFO org.springframework.web.servlet.FrameworkServlet [RMI TCP Connection(1)-127.0.0.1] Completed initialization in 1 ms
2021-01-29 01:38:20,173 INFO org.springframework.boot.StartupInfoLogger [main] Starting RateManagementSystemApplication using Java 11.0.7 on MacBook-Pro.local with PID 76473 (/Users/devendra/Documents/project/rate-management-system/target/classes started by devendra in /Users/devendra/Documents/project/rate-management-system)
2021-01-29 01:38:20,177 INFO org.springframework.boot.SpringApplication [main] No active profile set, falling back to default profiles: default
2021-01-29 01:38:21,048 INFO org.springframework.data.repository.config.RepositoryConfigurationDelegate [main] Bootstrapping Spring Data JPA repositories in DEFAULT mode.
2021-01-29 01:38:21,114 INFO org.springframework.data.repository.config.RepositoryConfigurationDelegate [main] Finished Spring Data repository scanning in 57 ms. Found 1 JPA repository interfaces.
2021-01-29 01:38:21,264 INFO org.springframework.cloud.context.scope.GenericScope [main] BeanFactory id=9ef2d1cc-678a-398c-b324-5e78554074f6
2021-01-29 01:38:21,563 INFO org.springframework.boot.web.embedded.tomcat.TomcatWebServer [main] Tomcat initialized with port(s): 9001 (http)
2021-01-29 01:38:21,571 INFO org.apache.juli.logging.DirectJDKLog [main] Initializing ProtocolHandler ["http-nio-9001"]
2021-01-29 01:38:21,572 INFO org.apache.juli.logging.DirectJDKLog [main] Starting service [Tomcat]
2021-01-29 01:38:21,572 INFO org.apache.juli.logging.DirectJDKLog [main] Starting Servlet engine: [Apache Tomcat/9.0.41]
2021-01-29 01:38:21,664 INFO org.apache.juli.logging.DirectJDKLog [main] Initializing Spring embedded WebApplicationContext
2021-01-29 01:38:21,665 INFO org.springframework.boot.web.servlet.context.ServletWebServerApplicationContext [main] Root WebApplicationContext: initialization completed in 1456 ms
2021-01-29 01:38:21,838 INFO com.zaxxer.hikari.HikariDataSource [main] HikariPool-1 - Starting...
2021-01-29 01:38:22,138 INFO com.zaxxer.hikari.HikariDataSource [main] HikariPool-1 - Start completed.
2021-01-29 01:38:22,237 INFO org.hibernate.jpa.internal.util.LogHelper [main] HHH000204: Processing PersistenceUnitInfo [name: default]
2021-01-29 01:38:22,279 INFO org.hibernate.Version [main] HHH000412: Hibernate ORM core version 5.4.27.Final
2021-01-29 01:38:22,372 INFO org.hibernate.annotations.common.reflection.java.JavaReflectionManager [main] HCANN000001: Hibernate Commons Annotations {5.1.2.Final}
2021-01-29 01:38:22,459 INFO org.hibernate.dialect.Dialect [main] HHH000400: Using dialect: org.hibernate.dialect.MySQL57Dialect
2021-01-29 01:38:22,949 INFO org.hibernate.engine.transaction.jta.platform.internal.JtaPlatformInitiator [main] HHH000490: Using JtaPlatform implementation: [org.hibernate.engine.transaction.jta.platform.internal.NoJtaPlatform]
2021-01-29 01:38:22,957 INFO org.springframework.orm.jpa.AbstractEntityManagerFactoryBean [main] Initialized JPA EntityManagerFactory for persistence unit 'default'
2021-01-29 01:38:23,435 WARN org.springframework.boot.autoconfigure.orm.jpa.JpaBaseConfiguration$JpaWebConfiguration [main] spring.jpa.open-in-view is enabled by default. Therefore, database queries may be performed during view rendering. Explicitly configure spring.jpa.open-in-view to disable this warning
2021-01-29 01:38:23,598 INFO org.springframework.scheduling.concurrent.ExecutorConfigurationSupport [main] Initializing ExecutorService 'applicationTaskExecutor'
2021-01-29 01:38:23,949 INFO org.springframework.boot.actuate.endpoint.web.EndpointLinksResolver [main] Exposing 15 endpoint(s) beneath base path '/actuator'
2021-01-29 01:38:24,006 INFO org.apache.juli.logging.DirectJDKLog [main] Starting ProtocolHandler ["http-nio-9001"]
2021-01-29 01:38:24,033 WARN org.springframework.context.support.AbstractApplicationContext [main] Exception encountered during context initialization - cancelling refresh attempt: org.springframework.context.ApplicationContextException: Failed to start bean 'webServerStartStop'; nested exception is org.springframework.boot.web.server.PortInUseException: Port 9001 is already in use
2021-01-29 01:38:24,035 INFO org.springframework.scheduling.concurrent.ExecutorConfigurationSupport [main] Shutting down ExecutorService 'applicationTaskExecutor'
2021-01-29 01:38:24,036 INFO org.springframework.orm.jpa.AbstractEntityManagerFactoryBean [main] Closing JPA EntityManagerFactory for persistence unit 'default'
2021-01-29 01:38:24,037 INFO org.hibernate.tool.schema.internal.SchemaDropperImpl$DelayedDropActionImpl [main] HHH000477: Starting delayed evictData of schema as part of SessionFactory shut-down'
2021-01-29 01:38:24,047 INFO com.zaxxer.hikari.HikariDataSource [main] HikariPool-1 - Shutdown initiated...
2021-01-29 01:38:24,056 INFO com.zaxxer.hikari.HikariDataSource [main] HikariPool-1 - Shutdown completed.
2021-01-29 01:38:24,058 INFO org.apache.juli.logging.DirectJDKLog [main] Pausing ProtocolHandler ["http-nio-9001"]
2021-01-29 01:38:24,058 INFO org.apache.juli.logging.DirectJDKLog [main] Stopping service [Tomcat]
2021-01-29 01:38:24,063 INFO org.apache.juli.logging.DirectJDKLog [main] Stopping ProtocolHandler ["http-nio-9001"]
2021-01-29 01:38:24,063 INFO org.apache.juli.logging.DirectJDKLog [main] Destroying ProtocolHandler ["http-nio-9001"]
2021-01-29 01:38:24,076 INFO org.springframework.boot.autoconfigure.logging.ConditionEvaluationReportLoggingListener [main] 

Error starting ApplicationContext. To display the conditions report re-run your application with 'debug' enabled.
2021-01-29 01:38:24,094 ERROR org.springframework.boot.diagnostics.LoggingFailureAnalysisReporter [main] 

***************************
APPLICATION FAILED TO START
***************************

Description:

Web server failed to start. Port 9001 was already in use.

Action:

Identify and stop the process that's listening on port 9001 or configure this application to listen on another port.

2021-01-29 01:38:32,893 INFO org.springframework.boot.admin.SpringApplicationAdminMXBeanRegistrar$SpringApplicationAdmin [RMI TCP Connection(3)-127.0.0.1] Application shutdown requested.
2021-01-29 01:38:32,907 INFO org.springframework.scheduling.concurrent.ExecutorConfigurationSupport [RMI TCP Connection(3)-127.0.0.1] Shutting down ExecutorService 'applicationTaskExecutor'
2021-01-29 01:38:32,909 INFO org.springframework.orm.jpa.AbstractEntityManagerFactoryBean [RMI TCP Connection(3)-127.0.0.1] Closing JPA EntityManagerFactory for persistence unit 'default'
2021-01-29 01:38:32,910 INFO org.hibernate.tool.schema.internal.SchemaDropperImpl$DelayedDropActionImpl [RMI TCP Connection(3)-127.0.0.1] HHH000477: Starting delayed evictData of schema as part of SessionFactory shut-down'
2021-01-29 01:38:32,916 INFO com.zaxxer.hikari.HikariDataSource [RMI TCP Connection(3)-127.0.0.1] HikariPool-1 - Shutdown initiated...
2021-01-29 01:38:32,926 INFO com.zaxxer.hikari.HikariDataSource [RMI TCP Connection(3)-127.0.0.1] HikariPool-1 - Shutdown completed.
2021-01-29 01:38:45,355 INFO org.springframework.boot.StartupInfoLogger [main] Starting RateManagementSystemApplication using Java 11.0.7 on MacBook-Pro.local with PID 76475 (/Users/devendra/Documents/project/rate-management-system/target/classes started by devendra in /Users/devendra/Documents/project/rate-management-system)
2021-01-29 01:38:45,358 INFO org.springframework.boot.SpringApplication [main] No active profile set, falling back to default profiles: default
2021-01-29 01:38:46,066 INFO org.springframework.data.repository.config.RepositoryConfigurationDelegate [main] Bootstrapping Spring Data JPA repositories in DEFAULT mode.
2021-01-29 01:38:46,106 INFO org.springframework.data.repository.config.RepositoryConfigurationDelegate [main] Finished Spring Data repository scanning in 33 ms. Found 1 JPA repository interfaces.
2021-01-29 01:38:46,258 INFO org.springframework.cloud.context.scope.GenericScope [main] BeanFactory id=9ef2d1cc-678a-398c-b324-5e78554074f6
2021-01-29 01:38:46,519 INFO org.springframework.boot.web.embedded.tomcat.TomcatWebServer [main] Tomcat initialized with port(s): 9001 (http)
2021-01-29 01:38:46,525 INFO org.apache.juli.logging.DirectJDKLog [main] Initializing ProtocolHandler ["http-nio-9001"]
2021-01-29 01:38:46,526 INFO org.apache.juli.logging.DirectJDKLog [main] Starting service [Tomcat]
2021-01-29 01:38:46,526 INFO org.apache.juli.logging.DirectJDKLog [main] Starting Servlet engine: [Apache Tomcat/9.0.41]
2021-01-29 01:38:46,603 INFO org.apache.juli.logging.DirectJDKLog [main] Initializing Spring embedded WebApplicationContext
2021-01-29 01:38:46,603 INFO org.springframework.boot.web.servlet.context.ServletWebServerApplicationContext [main] Root WebApplicationContext: initialization completed in 1214 ms
2021-01-29 01:38:46,755 INFO com.zaxxer.hikari.HikariDataSource [main] HikariPool-1 - Starting...
2021-01-29 01:38:46,999 INFO com.zaxxer.hikari.HikariDataSource [main] HikariPool-1 - Start completed.
2021-01-29 01:38:47,071 INFO org.hibernate.jpa.internal.util.LogHelper [main] HHH000204: Processing PersistenceUnitInfo [name: default]
2021-01-29 01:38:47,100 INFO org.hibernate.Version [main] HHH000412: Hibernate ORM core version 5.4.27.Final
2021-01-29 01:38:47,173 INFO org.hibernate.annotations.common.reflection.java.JavaReflectionManager [main] HCANN000001: Hibernate Commons Annotations {5.1.2.Final}
2021-01-29 01:38:47,240 INFO org.hibernate.dialect.Dialect [main] HHH000400: Using dialect: org.hibernate.dialect.MySQL57Dialect
2021-01-29 01:38:47,576 INFO org.hibernate.engine.transaction.jta.platform.internal.JtaPlatformInitiator [main] HHH000490: Using JtaPlatform implementation: [org.hibernate.engine.transaction.jta.platform.internal.NoJtaPlatform]
2021-01-29 01:38:47,581 INFO org.springframework.orm.jpa.AbstractEntityManagerFactoryBean [main] Initialized JPA EntityManagerFactory for persistence unit 'default'
2021-01-29 01:38:47,927 WARN org.springframework.boot.autoconfigure.orm.jpa.JpaBaseConfiguration$JpaWebConfiguration [main] spring.jpa.open-in-view is enabled by default. Therefore, database queries may be performed during view rendering. Explicitly configure spring.jpa.open-in-view to disable this warning
2021-01-29 01:38:48,061 INFO org.springframework.scheduling.concurrent.ExecutorConfigurationSupport [main] Initializing ExecutorService 'applicationTaskExecutor'
2021-01-29 01:38:48,410 INFO org.springframework.boot.actuate.endpoint.web.EndpointLinksResolver [main] Exposing 15 endpoint(s) beneath base path '/actuator'
2021-01-29 01:38:48,466 INFO org.apache.juli.logging.DirectJDKLog [main] Starting ProtocolHandler ["http-nio-9001"]
2021-01-29 01:38:48,492 INFO org.springframework.boot.web.embedded.tomcat.TomcatWebServer [main] Tomcat started on port(s): 9001 (http) with context path ''
2021-01-29 01:38:48,506 INFO org.springframework.boot.StartupInfoLogger [main] Started RateManagementSystemApplication in 3.498 seconds (JVM running for 9.029)
2021-01-29 01:38:51,196 INFO org.apache.juli.logging.DirectJDKLog [RMI TCP Connection(1)-127.0.0.1] Initializing Spring DispatcherServlet 'dispatcherServlet'
2021-01-29 01:38:51,197 INFO org.springframework.web.servlet.FrameworkServlet [RMI TCP Connection(1)-127.0.0.1] Initializing Servlet 'dispatcherServlet'
2021-01-29 01:38:51,199 INFO org.springframework.web.servlet.FrameworkServlet [RMI TCP Connection(1)-127.0.0.1] Completed initialization in 1 ms
2021-01-29 03:19:07,046 WARN com.zaxxer.hikari.pool.HikariPool$HouseKeeper [HikariPool-1 housekeeper] HikariPool-1 - Thread starvation or clock leap detected (housekeeper delta=1h2m49s697ms).
2021-01-29 04:21:45,490 WARN com.zaxxer.hikari.pool.HikariPool$HouseKeeper [HikariPool-1 housekeeper] HikariPool-1 - Thread starvation or clock leap detected (housekeeper delta=1h2m38s387ms).
2021-01-29 07:58:01,810 WARN com.zaxxer.hikari.pool.HikariPool$HouseKeeper [HikariPool-1 housekeeper] HikariPool-1 - Thread starvation or clock leap detected (housekeeper delta=3h36m16s201ms).
2021-01-29 10:19:54,200 WARN com.zaxxer.hikari.pool.HikariPool$HouseKeeper [HikariPool-1 housekeeper] HikariPool-1 - Thread starvation or clock leap detected (housekeeper delta=2h21m52s563ms).
2021-01-29 19:05:36,295 INFO org.springframework.boot.admin.SpringApplicationAdminMXBeanRegistrar$SpringApplicationAdmin [RMI TCP Connection(6)-127.0.0.1] Application shutdown requested.
2021-01-29 19:05:36,333 INFO org.springframework.scheduling.concurrent.ExecutorConfigurationSupport [RMI TCP Connection(6)-127.0.0.1] Shutting down ExecutorService 'applicationTaskExecutor'
2021-01-29 19:05:36,336 INFO org.springframework.orm.jpa.AbstractEntityManagerFactoryBean [RMI TCP Connection(6)-127.0.0.1] Closing JPA EntityManagerFactory for persistence unit 'default'
2021-01-29 19:05:36,337 INFO org.hibernate.tool.schema.internal.SchemaDropperImpl$DelayedDropActionImpl [RMI TCP Connection(6)-127.0.0.1] HHH000477: Starting delayed evictData of schema as part of SessionFactory shut-down'
2021-01-29 19:05:36,408 INFO com.zaxxer.hikari.HikariDataSource [RMI TCP Connection(6)-127.0.0.1] HikariPool-1 - Shutdown initiated...
2021-01-29 19:05:36,412 INFO com.zaxxer.hikari.HikariDataSource [RMI TCP Connection(6)-127.0.0.1] HikariPool-1 - Shutdown completed.
